<?xml version="1.0" encoding="UTF-8"?>
<!-- Generated by org.testng.reporters.JUnitReportReporter -->
<testsuite hostname="LAPTOP-G5IH12H1" failures="0" tests="1" name="Pruebas.SauceDemoTest" time="0.405" errors="0" timestamp="2022-06-25T20:27:24 ART" skipped="0">
  <testcase classname="Pruebas.SauceDemoTest" name="Login" time="0.405"/>
  <system-out/>
</testsuite> <!-- Pruebas.SauceDemoTest -->
