<?xml version="1.0" encoding="UTF-8"?>
<!-- Generated by org.testng.reporters.JUnitReportReporter -->
<testsuite hostname="LAPTOP-G5IH12H1" failures="0" tests="1" name="Edit.SauceDemo.Asignacionclase2" time="1.297" errors="0" timestamp="2022-06-24T21:22:58 ART" skipped="0">
  <testcase classname="Edit.SauceDemo.Asignacionclase2" name="HacerBusquedaEnChrome" time="1.297"/>
  <system-out/>
</testsuite> <!-- Edit.SauceDemo.Asignacionclase2 -->
